2024-06-20 01:26:46,235 - INFO - Tensorboard log is saved in tb_logs/MDFEND-2024-06-20-01_26_46
2024-06-20 01:26:46,235 - INFO - log file is saved in logs/tb_logs/MDFEND-2024-06-20-01_26_46.log

2024-06-20 01:26:46,235 - INFO - training data size=35262
2024-06-20 01:26:46,235 - INFO - ----start training-----

2024-06-20 01:26:46,235 - INFO - epoch=[0/49]
2024-06-20 01:28:50,881 - INFO - training time=2m4s
2024-06-20 01:28:50,882 - INFO - training loss : loss=0.404371
2024-06-20 01:28:50,882 - INFO - epoch=[1/49]
2024-06-20 01:30:55,388 - INFO - training time=2m4s
2024-06-20 01:30:55,389 - INFO - training loss : loss=0.422038
2024-06-20 01:30:55,389 - INFO - epoch=[2/49]
2024-06-20 01:33:00,214 - INFO - training time=2m4s
2024-06-20 01:33:00,214 - INFO - training loss : loss=0.245776
2024-06-20 01:33:00,214 - INFO - epoch=[3/49]
2024-06-20 01:35:05,279 - INFO - training time=2m5s
2024-06-20 01:35:05,279 - INFO - training loss : loss=0.027724
2024-06-20 01:35:05,279 - INFO - epoch=[4/49]
2024-06-20 01:37:10,481 - INFO - training time=2m5s
2024-06-20 01:37:10,481 - INFO - training loss : loss=0.083006
2024-06-20 01:37:10,481 - INFO - epoch=[5/49]
2024-06-20 01:39:15,813 - INFO - training time=2m5s
2024-06-20 01:39:15,814 - INFO - training loss : loss=0.080858
2024-06-20 01:39:15,814 - INFO - epoch=[6/49]
2024-06-20 01:41:21,205 - INFO - training time=2m5s
2024-06-20 01:41:21,205 - INFO - training loss : loss=0.024480
2024-06-20 01:41:21,211 - INFO - epoch=[7/49]
2024-06-20 01:43:26,712 - INFO - training time=2m5s
2024-06-20 01:43:26,712 - INFO - training loss : loss=0.075276
2024-06-20 01:43:26,712 - INFO - epoch=[8/49]
2024-06-20 01:45:32,201 - INFO - training time=2m5s
2024-06-20 01:45:32,201 - INFO - training loss : loss=0.077478
2024-06-20 01:45:32,201 - INFO - epoch=[9/49]
2024-06-20 01:47:37,840 - INFO - training time=2m5s
2024-06-20 01:47:37,840 - INFO - training loss : loss=0.037013
2024-06-20 01:47:37,840 - INFO - epoch=[10/49]
2024-06-20 01:49:43,511 - INFO - training time=2m5s
2024-06-20 01:49:43,511 - INFO - training loss : loss=0.004583
2024-06-20 01:49:43,511 - INFO - epoch=[11/49]
2024-06-20 01:51:49,244 - INFO - training time=2m5s
2024-06-20 01:51:49,244 - INFO - training loss : loss=0.075995
2024-06-20 01:51:49,244 - INFO - epoch=[12/49]
2024-06-20 01:53:54,916 - INFO - training time=2m5s
2024-06-20 01:53:54,916 - INFO - training loss : loss=0.015301
2024-06-20 01:53:54,916 - INFO - epoch=[13/49]
2024-06-20 01:56:00,601 - INFO - training time=2m5s
2024-06-20 01:56:00,601 - INFO - training loss : loss=0.012856
2024-06-20 01:56:00,607 - INFO - epoch=[14/49]
2024-06-20 01:58:06,247 - INFO - training time=2m5s
2024-06-20 01:58:06,247 - INFO - training loss : loss=0.095195
2024-06-20 01:58:06,247 - INFO - epoch=[15/49]
2024-06-20 02:00:11,946 - INFO - training time=2m5s
2024-06-20 02:00:11,946 - INFO - training loss : loss=0.028466
2024-06-20 02:00:11,946 - INFO - epoch=[16/49]
2024-06-20 02:02:17,672 - INFO - training time=2m5s
2024-06-20 02:02:17,672 - INFO - training loss : loss=0.094030
2024-06-20 02:02:17,672 - INFO - epoch=[17/49]
2024-06-20 02:04:23,268 - INFO - training time=2m5s
2024-06-20 02:04:23,268 - INFO - training loss : loss=0.068079
2024-06-20 02:04:23,268 - INFO - epoch=[18/49]
2024-06-20 02:06:28,752 - INFO - training time=2m5s
2024-06-20 02:06:28,752 - INFO - training loss : loss=0.042248
2024-06-20 02:06:28,752 - INFO - epoch=[19/49]
2024-06-20 02:08:34,429 - INFO - training time=2m5s
2024-06-20 02:08:34,429 - INFO - training loss : loss=0.037256
2024-06-20 02:08:34,429 - INFO - epoch=[20/49]
2024-06-20 02:10:40,247 - INFO - training time=2m5s
2024-06-20 02:10:40,247 - INFO - training loss : loss=0.002990
2024-06-20 02:10:40,248 - INFO - epoch=[21/49]
2024-06-20 02:12:45,902 - INFO - training time=2m5s
2024-06-20 02:12:45,902 - INFO - training loss : loss=0.044938
2024-06-20 02:12:45,902 - INFO - epoch=[22/49]
2024-06-20 02:14:51,557 - INFO - training time=2m5s
2024-06-20 02:14:51,557 - INFO - training loss : loss=0.026907
2024-06-20 02:14:51,557 - INFO - epoch=[23/49]
2024-06-20 02:16:57,264 - INFO - training time=2m5s
2024-06-20 02:16:57,264 - INFO - training loss : loss=0.058486
2024-06-20 02:16:57,264 - INFO - epoch=[24/49]
2024-06-20 02:19:03,122 - INFO - training time=2m5s
2024-06-20 02:19:03,122 - INFO - training loss : loss=0.106800
2024-06-20 02:19:03,122 - INFO - epoch=[25/49]
2024-06-20 02:21:08,863 - INFO - training time=2m5s
2024-06-20 02:21:08,863 - INFO - training loss : loss=0.009089
2024-06-20 02:21:08,863 - INFO - epoch=[26/49]
2024-06-20 02:23:14,683 - INFO - training time=2m5s
2024-06-20 02:23:14,683 - INFO - training loss : loss=0.009954
2024-06-20 02:23:14,683 - INFO - epoch=[27/49]
2024-06-20 02:25:20,493 - INFO - training time=2m5s
2024-06-20 02:25:20,493 - INFO - training loss : loss=0.014993
2024-06-20 02:25:20,493 - INFO - epoch=[28/49]
2024-06-20 02:27:26,304 - INFO - training time=2m5s
2024-06-20 02:27:26,304 - INFO - training loss : loss=0.036227
2024-06-20 02:27:26,304 - INFO - epoch=[29/49]
2024-06-20 02:29:32,029 - INFO - training time=2m5s
2024-06-20 02:29:32,029 - INFO - training loss : loss=0.017750
2024-06-20 02:29:32,029 - INFO - epoch=[30/49]
2024-06-20 02:31:37,890 - INFO - training time=2m5s
2024-06-20 02:31:37,890 - INFO - training loss : loss=0.026946
2024-06-20 02:31:37,890 - INFO - epoch=[31/49]
2024-06-20 02:33:43,754 - INFO - training time=2m5s
2024-06-20 02:33:43,754 - INFO - training loss : loss=0.003388
2024-06-20 02:33:43,754 - INFO - epoch=[32/49]
2024-06-20 02:35:49,440 - INFO - training time=2m5s
2024-06-20 02:35:49,440 - INFO - training loss : loss=0.048480
2024-06-20 02:35:49,440 - INFO - epoch=[33/49]
2024-06-20 02:37:55,340 - INFO - training time=2m5s
2024-06-20 02:37:55,340 - INFO - training loss : loss=0.005671
2024-06-20 02:37:55,340 - INFO - epoch=[34/49]
2024-06-20 02:40:01,171 - INFO - training time=2m5s
2024-06-20 02:40:01,172 - INFO - training loss : loss=0.005892
2024-06-20 02:40:01,172 - INFO - epoch=[35/49]
2024-06-20 02:42:07,044 - INFO - training time=2m5s
2024-06-20 02:42:07,044 - INFO - training loss : loss=0.010132
2024-06-20 02:42:07,044 - INFO - epoch=[36/49]
2024-06-20 02:44:12,759 - INFO - training time=2m5s
2024-06-20 02:44:12,759 - INFO - training loss : loss=0.021397
2024-06-20 02:44:12,759 - INFO - epoch=[37/49]
2024-06-20 02:46:18,446 - INFO - training time=2m5s
2024-06-20 02:46:18,446 - INFO - training loss : loss=0.002395
2024-06-20 02:46:18,446 - INFO - epoch=[38/49]
2024-06-20 02:48:24,382 - INFO - training time=2m5s
2024-06-20 02:48:24,382 - INFO - training loss : loss=0.009306
2024-06-20 02:48:24,382 - INFO - epoch=[39/49]
2024-06-20 02:50:30,421 - INFO - training time=2m6s
2024-06-20 02:50:30,421 - INFO - training loss : loss=0.045614
2024-06-20 02:50:30,421 - INFO - epoch=[40/49]
2024-06-20 02:52:36,502 - INFO - training time=2m6s
2024-06-20 02:52:36,502 - INFO - training loss : loss=0.118829
2024-06-20 02:52:36,503 - INFO - epoch=[41/49]
2024-06-20 02:54:42,253 - INFO - training time=2m5s
2024-06-20 02:54:42,253 - INFO - training loss : loss=0.056589
2024-06-20 02:54:42,253 - INFO - epoch=[42/49]
2024-06-20 02:56:47,982 - INFO - training time=2m5s
2024-06-20 02:56:47,983 - INFO - training loss : loss=0.051072
2024-06-20 02:56:47,983 - INFO - epoch=[43/49]
2024-06-20 02:58:53,927 - INFO - training time=2m5s
2024-06-20 02:58:53,927 - INFO - training loss : loss=0.007825
2024-06-20 02:58:53,927 - INFO - epoch=[44/49]
2024-06-20 03:00:59,804 - INFO - training time=2m5s
2024-06-20 03:00:59,804 - INFO - training loss : loss=0.005126
2024-06-20 03:00:59,804 - INFO - epoch=[45/49]
2024-06-20 03:03:05,532 - INFO - training time=2m5s
2024-06-20 03:03:05,532 - INFO - training loss : loss=0.011070
2024-06-20 03:03:05,532 - INFO - epoch=[46/49]
2024-06-20 03:05:11,263 - INFO - training time=2m5s
2024-06-20 03:05:11,263 - INFO - training loss : loss=0.036384
2024-06-20 03:05:11,263 - INFO - epoch=[47/49]
2024-06-20 03:07:16,992 - INFO - training time=2m5s
2024-06-20 03:07:16,992 - INFO - training loss : loss=0.004875
2024-06-20 03:07:16,992 - INFO - epoch=[48/49]
2024-06-20 03:09:22,813 - INFO - training time=2m5s
2024-06-20 03:09:22,814 - INFO - training loss : loss=0.012299
2024-06-20 03:09:22,814 - INFO - epoch=[49/49]
2024-06-20 03:11:28,393 - INFO - training time=2m5s
2024-06-20 03:11:28,393 - INFO - training loss : loss=0.001965
2024-06-20 03:11:57,635 - INFO - test result: accuracy=0.894170    precision=0.885192    recall=0.863757    f1=0.874343
